2014-03-22 02:23:32,304 [Worker-14] INFO  o.e.m.c.i.l.LifecycleMappingFactory - Using org.eclipse.m2e.jdt.JarLifecycleMapping lifecycle mapping for MavenProject: Crawl:CrawlHTMLUnit:0.0.1-SNAPSHOT @ C:\Users\rkapoor\Documents\GitHub\Crawlersforweb\CrawlHTMLUnit\pom.xml.
2014-03-22 02:23:33,536 [Worker-14] INFO  o.e.m.j.i.AbstractJavaProjectConfigurator - Adding source folder /CrawlHTMLUnit/src/main/java
2014-03-22 02:23:33,538 [Worker-14] INFO  o.e.m.j.i.AbstractJavaProjectConfigurator - Adding resource folder /CrawlHTMLUnit/src/main/resources
2014-03-22 02:23:33,539 [Worker-14] INFO  o.e.m.j.i.AbstractJavaProjectConfigurator - Adding source folder /CrawlHTMLUnit/src/test/java
2014-03-22 02:23:33,540 [Worker-14] INFO  o.e.m.j.i.AbstractJavaProjectConfigurator - Adding resource folder /CrawlHTMLUnit/src/test/resources
2014-03-22 02:23:34,283 [Worker-12] INFO  o.e.m.c.i.l.LifecycleMappingFactory - Using org.eclipse.m2e.jdt.JarLifecycleMapping lifecycle mapping for MavenProject: Crawl:CrawlHTMLUnit:0.0.1-SNAPSHOT @ C:\Users\rkapoor\Documents\GitHub\Crawlersforweb\CrawlHTMLUnit\pom.xml.
2014-03-22 02:23:38,150 [Worker-14] WARN  o.e.m.c.i.embedder.EclipseLogger - Using platform encoding (Cp1252 actually) to copy filtered resources, i.e. build is platform dependent!
2014-03-22 02:23:38,192 [Worker-14] INFO  o.e.m.c.i.embedder.EclipseLogger - Copying 0 resource
2014-03-22 02:23:38,195 [Worker-14] WARN  o.e.m.c.i.embedder.EclipseLogger - Using platform encoding (Cp1252 actually) to copy filtered resources, i.e. build is platform dependent!
2014-03-22 02:23:38,198 [Worker-14] INFO  o.e.m.c.i.embedder.EclipseLogger - Copying 0 resource
2014-03-22 02:24:00,406 [Worker-6] INFO  o.e.m.c.i.l.LifecycleMappingFactory - Using org.eclipse.m2e.jdt.JarLifecycleMapping lifecycle mapping for MavenProject: Crawl:CrawlHTMLUnit:0.0.1-SNAPSHOT @ C:\Users\rkapoor\Documents\GitHub\Crawlersforweb\CrawlHTMLUnit\pom.xml.
2014-03-22 02:24:00,745 [Worker-6] WARN  o.e.m.c.i.embedder.EclipseLogger - Using platform encoding (Cp1252 actually) to copy filtered resources, i.e. build is platform dependent!
2014-03-22 02:24:00,752 [Worker-6] INFO  o.e.m.c.i.embedder.EclipseLogger - Copying 0 resource
2014-03-22 02:24:00,753 [Worker-6] WARN  o.e.m.c.i.embedder.EclipseLogger - Using platform encoding (Cp1252 actually) to copy filtered resources, i.e. build is platform dependent!
2014-03-22 02:24:00,755 [Worker-6] INFO  o.e.m.c.i.embedder.EclipseLogger - Copying 0 resource
2014-03-22 02:24:01,995 [Worker-5] WARN  o.e.m.c.i.embedder.EclipseLogger - Using platform encoding (Cp1252 actually) to copy filtered resources, i.e. build is platform dependent!
2014-03-22 02:24:02,002 [Worker-5] INFO  o.e.m.c.i.embedder.EclipseLogger - Copying 0 resource
2014-03-22 02:24:02,004 [Worker-5] WARN  o.e.m.c.i.embedder.EclipseLogger - Using platform encoding (Cp1252 actually) to copy filtered resources, i.e. build is platform dependent!
2014-03-22 02:24:02,006 [Worker-5] INFO  o.e.m.c.i.embedder.EclipseLogger - Copying 0 resource
2014-03-22 02:24:06,297 [main] INFO  o.e.m2e.actions.ExecutePomAction - Creating new launch configuration
2014-03-22 02:24:12,661 [Worker-12] INFO  o.e.m.i.launch.MavenLaunchDelegate - C:\Users\rkapoor\Documents\GitHub\Crawlersforweb\CrawlHTMLUnit
2014-03-22 02:24:12,662 [Worker-12] INFO  o.e.m.i.launch.MavenLaunchDelegate -  mvn  -B validate
2014-03-22 02:24:51,107 [Worker-2] INFO  o.e.m.c.i.l.LifecycleMappingFactory - Using org.eclipse.m2e.jdt.JarLifecycleMapping lifecycle mapping for MavenProject: Crawl:CrawlHTMLUnit:0.0.1-SNAPSHOT @ C:\Users\rkapoor\Documents\GitHub\Crawlersforweb\CrawlHTMLUnit\pom.xml.
2014-03-22 02:24:51,388 [Worker-2] INFO  c.n.h.c.p.n.NettyAsyncHttpProvider - Number of application's worked threads is 8
2014-03-22 02:24:52,454 [New I/O client worker #1-1] INFO  o.e.m.c.i.e.AbstractTransferListenerAdapter - Downloading http://repo.maven.apache.org/maven2/org/jsoup/jsoup/1.7.3/jsoup-1.7.3.pom
2014-03-22 02:24:52,461 [New I/O client worker #1-1] INFO  o.e.m.c.i.e.AbstractTransferListenerAdapter - Downloaded http://repo.maven.apache.org/maven2/org/jsoup/jsoup/1.7.3/jsoup-1.7.3.pom
2014-03-22 02:24:52,915 [Worker-2] INFO  c.n.h.c.p.n.NettyAsyncHttpProvider - Number of application's worked threads is 8
2014-03-22 02:24:53,663 [New I/O client worker #2-1] INFO  o.e.m.c.i.e.AbstractTransferListenerAdapter - Downloading http://repo.maven.apache.org/maven2/org/jsoup/jsoup/1.7.3/jsoup-1.7.3.jar
2014-03-22 02:24:56,001 [main] INFO  o.e.m2e.actions.ExecutePomAction - Using existing launch configuration
2014-03-22 02:24:56,008 [New I/O client worker #2-1] INFO  o.e.m.c.i.e.AbstractTransferListenerAdapter - Downloaded http://repo.maven.apache.org/maven2/org/jsoup/jsoup/1.7.3/jsoup-1.7.3.jar
2014-03-22 02:24:56,888 [Worker-2] WARN  o.e.m.c.i.embedder.EclipseLogger - Using platform encoding (Cp1252 actually) to copy filtered resources, i.e. build is platform dependent!
2014-03-22 02:24:56,891 [Worker-2] INFO  o.e.m.c.i.embedder.EclipseLogger - Copying 0 resource
2014-03-22 02:24:56,893 [Worker-2] WARN  o.e.m.c.i.embedder.EclipseLogger - Using platform encoding (Cp1252 actually) to copy filtered resources, i.e. build is platform dependent!
2014-03-22 02:24:56,895 [Worker-2] INFO  o.e.m.c.i.embedder.EclipseLogger - Copying 0 resource
2014-03-22 02:24:57,006 [Worker-12] INFO  o.e.m.i.launch.MavenLaunchDelegate - C:\Users\rkapoor\Documents\GitHub\Crawlersforweb\CrawlHTMLUnit
2014-03-22 02:24:57,006 [Worker-12] INFO  o.e.m.i.launch.MavenLaunchDelegate -  mvn  -B validate
2014-03-22 02:24:58,055 [Worker-3] WARN  o.e.m.c.i.embedder.EclipseLogger - Using platform encoding (Cp1252 actually) to copy filtered resources, i.e. build is platform dependent!
2014-03-22 02:24:58,059 [Worker-3] INFO  o.e.m.c.i.embedder.EclipseLogger - Copying 0 resource
2014-03-22 02:24:58,061 [Worker-3] WARN  o.e.m.c.i.embedder.EclipseLogger - Using platform encoding (Cp1252 actually) to copy filtered resources, i.e. build is platform dependent!
2014-03-22 02:24:58,066 [Worker-3] INFO  o.e.m.c.i.embedder.EclipseLogger - Copying 0 resource
2014-03-22 23:12:05,741 [Worker-19] WARN  o.e.m.c.i.embedder.EclipseLogger - Using platform encoding (Cp1252 actually) to copy filtered resources, i.e. build is platform dependent!
2014-03-22 23:12:05,793 [Worker-19] INFO  o.e.m.c.i.embedder.EclipseLogger - Copying 0 resource
2014-03-22 23:12:05,798 [Worker-19] WARN  o.e.m.c.i.embedder.EclipseLogger - Using platform encoding (Cp1252 actually) to copy filtered resources, i.e. build is platform dependent!
2014-03-22 23:12:05,806 [Worker-19] INFO  o.e.m.c.i.embedder.EclipseLogger - Copying 0 resource
2014-03-22 23:12:45,337 [Worker-21] WARN  o.e.m.c.i.embedder.EclipseLogger - Using platform encoding (Cp1252 actually) to copy filtered resources, i.e. build is platform dependent!
2014-03-22 23:12:45,408 [Worker-21] INFO  o.e.m.c.i.embedder.EclipseLogger - Copying 0 resource
2014-03-22 23:12:45,410 [Worker-21] WARN  o.e.m.c.i.embedder.EclipseLogger - Using platform encoding (Cp1252 actually) to copy filtered resources, i.e. build is platform dependent!
2014-03-22 23:12:45,412 [Worker-21] INFO  o.e.m.c.i.embedder.EclipseLogger - Copying 0 resource
2014-03-22 23:14:48,903 [Worker-25] WARN  o.e.m.c.i.embedder.EclipseLogger - Using platform encoding (Cp1252 actually) to copy filtered resources, i.e. build is platform dependent!
2014-03-22 23:14:48,923 [Worker-25] INFO  o.e.m.c.i.embedder.EclipseLogger - Copying 0 resource
2014-03-22 23:14:48,925 [Worker-25] WARN  o.e.m.c.i.embedder.EclipseLogger - Using platform encoding (Cp1252 actually) to copy filtered resources, i.e. build is platform dependent!
2014-03-22 23:14:48,931 [Worker-25] INFO  o.e.m.c.i.embedder.EclipseLogger - Copying 0 resource
2014-03-22 23:14:54,522 [Worker-28] WARN  o.e.m.c.i.embedder.EclipseLogger - Using platform encoding (Cp1252 actually) to copy filtered resources, i.e. build is platform dependent!
2014-03-22 23:14:54,537 [Worker-28] INFO  o.e.m.c.i.embedder.EclipseLogger - Copying 0 resource
2014-03-22 23:14:54,539 [Worker-28] WARN  o.e.m.c.i.embedder.EclipseLogger - Using platform encoding (Cp1252 actually) to copy filtered resources, i.e. build is platform dependent!
2014-03-22 23:14:54,554 [Worker-28] INFO  o.e.m.c.i.embedder.EclipseLogger - Copying 0 resource
2014-03-22 23:15:14,573 [Worker-26] WARN  o.e.m.c.i.embedder.EclipseLogger - Using platform encoding (Cp1252 actually) to copy filtered resources, i.e. build is platform dependent!
2014-03-22 23:15:14,581 [Worker-26] INFO  o.e.m.c.i.embedder.EclipseLogger - Copying 0 resource
2014-03-22 23:15:14,584 [Worker-26] WARN  o.e.m.c.i.embedder.EclipseLogger - Using platform encoding (Cp1252 actually) to copy filtered resources, i.e. build is platform dependent!
2014-03-22 23:15:14,597 [Worker-26] INFO  o.e.m.c.i.embedder.EclipseLogger - Copying 0 resource
2014-03-22 23:15:38,631 [Worker-26] WARN  o.e.m.c.i.embedder.EclipseLogger - Using platform encoding (Cp1252 actually) to copy filtered resources, i.e. build is platform dependent!
2014-03-22 23:15:38,641 [Worker-26] INFO  o.e.m.c.i.embedder.EclipseLogger - Copying 0 resource
2014-03-22 23:15:38,643 [Worker-26] WARN  o.e.m.c.i.embedder.EclipseLogger - Using platform encoding (Cp1252 actually) to copy filtered resources, i.e. build is platform dependent!
2014-03-22 23:15:38,660 [Worker-26] INFO  o.e.m.c.i.embedder.EclipseLogger - Copying 0 resource
2014-03-22 23:15:47,066 [Worker-20] WARN  o.e.m.c.i.embedder.EclipseLogger - Using platform encoding (Cp1252 actually) to copy filtered resources, i.e. build is platform dependent!
2014-03-22 23:15:47,078 [Worker-20] INFO  o.e.m.c.i.embedder.EclipseLogger - Copying 0 resource
2014-03-22 23:15:47,080 [Worker-20] WARN  o.e.m.c.i.embedder.EclipseLogger - Using platform encoding (Cp1252 actually) to copy filtered resources, i.e. build is platform dependent!
2014-03-22 23:15:47,102 [Worker-20] INFO  o.e.m.c.i.embedder.EclipseLogger - Copying 0 resource
2014-03-22 23:16:15,638 [Worker-26] WARN  o.e.m.c.i.embedder.EclipseLogger - Using platform encoding (Cp1252 actually) to copy filtered resources, i.e. build is platform dependent!
2014-03-22 23:16:15,650 [Worker-26] INFO  o.e.m.c.i.embedder.EclipseLogger - Copying 0 resource
2014-03-22 23:16:15,654 [Worker-26] WARN  o.e.m.c.i.embedder.EclipseLogger - Using platform encoding (Cp1252 actually) to copy filtered resources, i.e. build is platform dependent!
2014-03-22 23:16:15,657 [Worker-26] INFO  o.e.m.c.i.embedder.EclipseLogger - Copying 0 resource
2014-03-22 23:16:29,350 [Worker-19] WARN  o.e.m.c.i.embedder.EclipseLogger - Using platform encoding (Cp1252 actually) to copy filtered resources, i.e. build is platform dependent!
2014-03-22 23:16:29,361 [Worker-19] INFO  o.e.m.c.i.embedder.EclipseLogger - Copying 0 resource
2014-03-22 23:16:29,363 [Worker-19] WARN  o.e.m.c.i.embedder.EclipseLogger - Using platform encoding (Cp1252 actually) to copy filtered resources, i.e. build is platform dependent!
2014-03-22 23:16:29,415 [Worker-19] INFO  o.e.m.c.i.embedder.EclipseLogger - Copying 0 resource
2014-03-22 23:18:21,726 [Worker-29] WARN  o.e.m.c.i.embedder.EclipseLogger - Using platform encoding (Cp1252 actually) to copy filtered resources, i.e. build is platform dependent!
2014-03-22 23:18:21,739 [Worker-29] INFO  o.e.m.c.i.embedder.EclipseLogger - Copying 0 resource
2014-03-22 23:18:21,740 [Worker-29] WARN  o.e.m.c.i.embedder.EclipseLogger - Using platform encoding (Cp1252 actually) to copy filtered resources, i.e. build is platform dependent!
2014-03-22 23:18:21,747 [Worker-29] INFO  o.e.m.c.i.embedder.EclipseLogger - Copying 0 resource
2014-03-22 23:18:38,464 [Worker-29] WARN  o.e.m.c.i.embedder.EclipseLogger - Using platform encoding (Cp1252 actually) to copy filtered resources, i.e. build is platform dependent!
2014-03-22 23:18:38,472 [Worker-29] INFO  o.e.m.c.i.embedder.EclipseLogger - Copying 0 resource
2014-03-22 23:18:38,474 [Worker-29] WARN  o.e.m.c.i.embedder.EclipseLogger - Using platform encoding (Cp1252 actually) to copy filtered resources, i.e. build is platform dependent!
2014-03-22 23:18:38,480 [Worker-29] INFO  o.e.m.c.i.embedder.EclipseLogger - Copying 0 resource
2014-03-22 23:19:05,626 [Worker-32] WARN  o.e.m.c.i.embedder.EclipseLogger - Using platform encoding (Cp1252 actually) to copy filtered resources, i.e. build is platform dependent!
2014-03-22 23:19:05,645 [Worker-32] INFO  o.e.m.c.i.embedder.EclipseLogger - Copying 0 resource
2014-03-22 23:19:05,647 [Worker-32] WARN  o.e.m.c.i.embedder.EclipseLogger - Using platform encoding (Cp1252 actually) to copy filtered resources, i.e. build is platform dependent!
2014-03-22 23:19:05,682 [Worker-32] INFO  o.e.m.c.i.embedder.EclipseLogger - Copying 0 resource
2014-03-22 23:20:28,607 [Worker-32] WARN  o.e.m.c.i.embedder.EclipseLogger - Using platform encoding (Cp1252 actually) to copy filtered resources, i.e. build is platform dependent!
2014-03-22 23:20:28,638 [Worker-32] INFO  o.e.m.c.i.embedder.EclipseLogger - Copying 0 resource
2014-03-22 23:20:28,641 [Worker-32] WARN  o.e.m.c.i.embedder.EclipseLogger - Using platform encoding (Cp1252 actually) to copy filtered resources, i.e. build is platform dependent!
2014-03-22 23:20:28,672 [Worker-32] INFO  o.e.m.c.i.embedder.EclipseLogger - Copying 0 resource
2014-03-22 23:21:20,599 [Worker-24] WARN  o.e.m.c.i.embedder.EclipseLogger - Using platform encoding (Cp1252 actually) to copy filtered resources, i.e. build is platform dependent!
2014-03-22 23:21:20,617 [Worker-24] INFO  o.e.m.c.i.embedder.EclipseLogger - Copying 0 resource
2014-03-22 23:21:20,619 [Worker-24] WARN  o.e.m.c.i.embedder.EclipseLogger - Using platform encoding (Cp1252 actually) to copy filtered resources, i.e. build is platform dependent!
2014-03-22 23:21:20,658 [Worker-24] INFO  o.e.m.c.i.embedder.EclipseLogger - Copying 0 resource
2014-03-22 23:21:28,615 [Worker-8] WARN  o.e.m.c.i.embedder.EclipseLogger - Using platform encoding (Cp1252 actually) to copy filtered resources, i.e. build is platform dependent!
2014-03-22 23:21:28,631 [Worker-8] INFO  o.e.m.c.i.embedder.EclipseLogger - Copying 0 resource
2014-03-22 23:21:28,633 [Worker-8] WARN  o.e.m.c.i.embedder.EclipseLogger - Using platform encoding (Cp1252 actually) to copy filtered resources, i.e. build is platform dependent!
2014-03-22 23:21:28,639 [Worker-8] INFO  o.e.m.c.i.embedder.EclipseLogger - Copying 0 resource
2014-03-22 23:24:20,830 [Worker-29] WARN  o.e.m.c.i.embedder.EclipseLogger - Using platform encoding (Cp1252 actually) to copy filtered resources, i.e. build is platform dependent!
2014-03-22 23:24:20,870 [Worker-29] INFO  o.e.m.c.i.embedder.EclipseLogger - Copying 0 resource
2014-03-22 23:24:20,877 [Worker-29] WARN  o.e.m.c.i.embedder.EclipseLogger - Using platform encoding (Cp1252 actually) to copy filtered resources, i.e. build is platform dependent!
2014-03-22 23:24:20,879 [Worker-29] INFO  o.e.m.c.i.embedder.EclipseLogger - Copying 0 resource
2014-03-22 23:24:57,257 [Worker-29] WARN  o.e.m.c.i.embedder.EclipseLogger - Using platform encoding (Cp1252 actually) to copy filtered resources, i.e. build is platform dependent!
2014-03-22 23:24:57,266 [Worker-29] INFO  o.e.m.c.i.embedder.EclipseLogger - Copying 0 resource
2014-03-22 23:24:57,268 [Worker-29] WARN  o.e.m.c.i.embedder.EclipseLogger - Using platform encoding (Cp1252 actually) to copy filtered resources, i.e. build is platform dependent!
2014-03-22 23:24:57,269 [Worker-29] INFO  o.e.m.c.i.embedder.EclipseLogger - Copying 0 resource
2014-03-22 23:25:18,842 [Worker-35] INFO  o.e.m.c.i.l.LifecycleMappingFactory - Using org.eclipse.m2e.jdt.JarLifecycleMapping lifecycle mapping for MavenProject: Crawl:CrawlHTMLUnit:0.0.1-SNAPSHOT @ C:\Users\rkapoor\Documents\GitHub\Crawlersforweb\CrawlHTMLUnit\pom.xml.
2014-03-22 23:25:20,232 [Worker-35] WARN  o.e.m.c.i.embedder.EclipseLogger - Using platform encoding (Cp1252 actually) to copy filtered resources, i.e. build is platform dependent!
2014-03-22 23:25:20,251 [Worker-35] INFO  o.e.m.c.i.embedder.EclipseLogger - Copying 0 resource
2014-03-22 23:25:20,255 [Worker-35] WARN  o.e.m.c.i.embedder.EclipseLogger - Using platform encoding (Cp1252 actually) to copy filtered resources, i.e. build is platform dependent!
2014-03-22 23:25:20,259 [Worker-35] INFO  o.e.m.c.i.embedder.EclipseLogger - Copying 0 resource
